<?xml version="1.0" encoding="UTF-8"?>
<testsuite xmlns:xsi="http://www.w3.org/2001/XMLSchema-instance" xsi:noNamespaceSchemaLocation="https://maven.apache.org/surefire/maven-surefire-plugin/xsd/surefire-test-report.xsd" name="com.qainterview.testRunner.commentRunnerTest" time="1.102" tests="20" errors="2" skipped="1" failures="0">
  <properties>
[...]
</properties>
  <testcase name="Given The comment endpoint &quot;http://qainterview.merchante-solutions.com:3030/&quot;" classname="| 900 |" time="0"/>
  <testcase name="And Comment content type &quot;application/json; charset=utf-8&quot;" classname="| 900 |" time="0"/>
  <testcase name="Then Send comment 900" classname="| 900 |" time="0"/>
  <testcase name="And Update comment" classname="| 900 |" time="0"/>
  <testcase name="| 900 |" classname="| 900 |" time="0.001"/>
  <testcase name="Given The comment endpoint &quot;http://qainterview.merchante-solutions.com:3030/&quot;" classname="| 1000 |" time="0"/>
  <testcase name="And Comment content type &quot;application/json; charset=utf-8&quot;" classname="| 1000 |" time="0"/>
  <testcase name="Then Send comment 1000" classname="| 1000 |" time="0"/>
  <testcase name="And Update comment" classname="| 1000 |" time="0"/>
  <testcase name="| 1000 |" classname="| 1000 |" time="0"/>
  <testcase name="Given The comment endpoint &quot;http://qainterview.merchante-solutions.com:3030/&quot;" classname="| 1100 |" time="0"/>
  <testcase name="And Comment content type &quot;application/json; charset=utf-8&quot;" classname="| 1100 |" time="0"/>
  <testcase name="Then Send comment 1100" classname="| 1100 |" time="0.004">
    <error message="Server returned HTTP response code: 500 for URL: http://qainterview.merchante-solutions.com:3030/comments" type="java.io.IOException">java.io.IOException: Server returned HTTP response code: 500 for URL: http://qainterview.merchante-solutions.com:3030/comments
Caused by: java.io.IOException: Server returned HTTP response code: 500 for URL: http://qainterview.merchante-solutions.com:3030/comments
</error>
    <system-out><![CDATA[sending new comment *************************
generated 1195
range 1100: current 1195
Comments Object
comments [postId=1, id=4, name=alias odio sit, email=Lew@alysha.tv, body=something body]
Request ID 1195

Sending 'POST' request to URL : http://qainterview.merchante-solutions.com:3030/comments
Post parameters : {"postId":1195,"id":1195,"name":"alias odio sit","email":"Lew@alysha.tv","body":"something body"}
Response Code : 500
]]></system-out>
  </testcase>
  <testcase name="| 1100 |" classname="| 1100 |" time="0.004">
    <error message="Server returned HTTP response code: 500 for URL: http://qainterview.merchante-solutions.com:3030/comments" type="java.io.IOException">java.io.IOException: Server returned HTTP response code: 500 for URL: http://qainterview.merchante-solutions.com:3030/comments
Caused by: java.io.IOException: Server returned HTTP response code: 500 for URL: http://qainterview.merchante-solutions.com:3030/comments
</error>
  </testcase>
  <testcase name="And Update comment" classname="| 1100 |" time="0">
    <skipped/>
  </testcase>
  <testcase name="Given The comment endpoint &quot;http://qainterview.merchante-solutions.com:3030/&quot;" classname="| 1200 |" time="0"/>
  <testcase name="And Comment content type &quot;application/json; charset=utf-8&quot;" classname="| 1200 |" time="0"/>
  <testcase name="Then Send comment 1200" classname="| 1200 |" time="0"/>
  <testcase name="And Update comment" classname="| 1200 |" time="0"/>
  <testcase name="| 1200 |" classname="| 1200 |" time="0.001"/>
</testsuite>