<?xml version="1.0" encoding="UTF-8"?>
<testng-results skipped="0" failed="0" ignored="0" total="8" passed="8">
  <reporter-output>
  </reporter-output>
  <suite name="QA interview Test Automation Test Suite" duration-ms="35089" started-at="2020-01-07T03:34:52Z" finished-at="2020-01-07T03:35:27Z">
    <groups>
    </groups>
    <test name="QA Interview Test Cases" duration-ms="35089" started-at="2020-01-07T03:34:52Z" finished-at="2020-01-07T03:35:27Z">
      <class name="com.qainterview.testcases.HomePageTest">
        <test-method status="PASS" signature="setUp()[pri:0, instance:com.qainterview.testcases.HomePageTest@3532ec19]" name="setUp" is-config="true" duration-ms="5822" started-at="2020-01-06T19:34:52Z" finished-at="2020-01-06T19:34:58Z">
          <reporter-output>
          </reporter-output>
        </test-method> <!-- setUp -->
        <test-method status="PASS" signature="verifyHomePageTitleTest()[pri:1, instance:com.qainterview.testcases.HomePageTest@3532ec19]" name="verifyHomePageTitleTest" duration-ms="21" started-at="2020-01-06T19:34:58Z" finished-at="2020-01-06T19:34:58Z">
          <reporter-output>
          </reporter-output>
        </test-method> <!-- verifyHomePageTitleTest -->
        <test-method status="PASS" signature="tearDown()[pri:0, instance:com.qainterview.testcases.HomePageTest@3532ec19]" name="tearDown" is-config="true" duration-ms="750" started-at="2020-01-06T19:34:58Z" finished-at="2020-01-06T19:34:59Z">
          <reporter-output>
          </reporter-output>
        </test-method> <!-- tearDown -->
        <test-method status="PASS" signature="setUp()[pri:0, instance:com.qainterview.testcases.HomePageTest@3532ec19]" name="setUp" is-config="true" duration-ms="2865" started-at="2020-01-06T19:35:08Z" finished-at="2020-01-06T19:35:11Z">
          <reporter-output>
          </reporter-output>
        </test-method> <!-- setUp -->
        <test-method status="PASS" signature="verifyUsersLinkTest()[pri:2, instance:com.qainterview.testcases.HomePageTest@3532ec19]" name="verifyUsersLinkTest" duration-ms="289" started-at="2020-01-06T19:35:11Z" finished-at="2020-01-06T19:35:11Z">
          <reporter-output>
          </reporter-output>
        </test-method> <!-- verifyUsersLinkTest -->
        <test-method status="PASS" signature="tearDown()[pri:0, instance:com.qainterview.testcases.HomePageTest@3532ec19]" name="tearDown" is-config="true" duration-ms="759" started-at="2020-01-06T19:35:11Z" finished-at="2020-01-06T19:35:12Z">
          <reporter-output>
          </reporter-output>
        </test-method> <!-- tearDown -->
      </class> <!-- com.qainterview.testcases.HomePageTest -->
      <class name="com.qainterview.testcases.NewUserPageTest">
        <test-method status="PASS" signature="setUp()[pri:0, instance:com.qainterview.testcases.NewUserPageTest@ae45eb6]" name="setUp" is-config="true" duration-ms="2789" started-at="2020-01-06T19:35:04Z" finished-at="2020-01-06T19:35:07Z">
          <reporter-output>
          </reporter-output>
        </test-method> <!-- setUp -->
        <test-method status="PASS" signature="validateCreateNewUser_success(java.lang.String, java.lang.String, java.lang.String)[pri:1, instance:com.qainterview.testcases.NewUserPageTest@ae45eb6]" name="validateCreateNewUser_success" duration-ms="312" started-at="2020-01-06T19:35:07Z" data-provider="getSuccessUserTestData" finished-at="2020-01-06T19:35:07Z">
          <params>
            <param index="0">
              <value>
                <![CDATA[Tom1]]>
              </value>
            </param>
            <param index="1">
              <value>
                <![CDATA[new pass]]>
              </value>
            </param>
            <param index="2">
              <value>
                <![CDATA[tom@gmail.com]]>
              </value>
            </param>
          </params>
          <reporter-output>
          </reporter-output>
        </test-method> <!-- validateCreateNewUser_success -->
        <test-method status="PASS" signature="tearDown()[pri:0, instance:com.qainterview.testcases.NewUserPageTest@ae45eb6]" name="tearDown" is-config="true" duration-ms="586" started-at="2020-01-06T19:35:07Z" finished-at="2020-01-06T19:35:08Z">
          <reporter-output>
          </reporter-output>
        </test-method> <!-- tearDown -->
        <test-method status="PASS" signature="setUp()[pri:0, instance:com.qainterview.testcases.NewUserPageTest@ae45eb6]" name="setUp" is-config="true" duration-ms="2762" started-at="2020-01-06T19:35:12Z" finished-at="2020-01-06T19:35:15Z">
          <reporter-output>
          </reporter-output>
        </test-method> <!-- setUp -->
        <test-method status="PASS" signature="validateCreateNewUser_failed_no_password()[pri:2, instance:com.qainterview.testcases.NewUserPageTest@ae45eb6]" name="validateCreateNewUser_failed_no_password" duration-ms="356" started-at="2020-01-06T19:35:15Z" finished-at="2020-01-06T19:35:15Z">
          <reporter-output>
          </reporter-output>
        </test-method> <!-- validateCreateNewUser_failed_no_password -->
        <test-method status="PASS" signature="tearDown()[pri:0, instance:com.qainterview.testcases.NewUserPageTest@ae45eb6]" name="tearDown" is-config="true" duration-ms="571" started-at="2020-01-06T19:35:15Z" finished-at="2020-01-06T19:35:16Z">
          <reporter-output>
          </reporter-output>
        </test-method> <!-- tearDown -->
        <test-method status="PASS" signature="setUp()[pri:0, instance:com.qainterview.testcases.NewUserPageTest@ae45eb6]" name="setUp" is-config="true" duration-ms="3045" started-at="2020-01-06T19:35:16Z" finished-at="2020-01-06T19:35:19Z">
          <reporter-output>
          </reporter-output>
        </test-method> <!-- setUp -->
        <test-method status="PASS" signature="verifyNewUserPageLabel()[pri:2, instance:com.qainterview.testcases.NewUserPageTest@ae45eb6]" name="verifyNewUserPageLabel" duration-ms="8" started-at="2020-01-06T19:35:19Z" finished-at="2020-01-06T19:35:19Z">
          <reporter-output>
          </reporter-output>
        </test-method> <!-- verifyNewUserPageLabel -->
        <test-method status="PASS" signature="tearDown()[pri:0, instance:com.qainterview.testcases.NewUserPageTest@ae45eb6]" name="tearDown" is-config="true" duration-ms="588" started-at="2020-01-06T19:35:19Z" finished-at="2020-01-06T19:35:19Z">
          <reporter-output>
          </reporter-output>
        </test-method> <!-- tearDown -->
        <test-method status="PASS" signature="setUp()[pri:0, instance:com.qainterview.testcases.NewUserPageTest@ae45eb6]" name="setUp" is-config="true" duration-ms="2948" started-at="2020-01-06T19:35:19Z" finished-at="2020-01-06T19:35:22Z">
          <reporter-output>
          </reporter-output>
        </test-method> <!-- setUp -->
        <test-method status="PASS" signature="validateCreateNewUser_failed_dup_username(java.lang.String, java.lang.String, java.lang.String)[pri:3, instance:com.qainterview.testcases.NewUserPageTest@ae45eb6]" name="validateCreateNewUser_failed_dup_username" duration-ms="428" started-at="2020-01-06T19:35:22Z" data-provider="getDupUserTestData" finished-at="2020-01-06T19:35:23Z">
          <params>
            <param index="0">
              <value>
                <![CDATA[user_username]]>
              </value>
            </param>
            <param index="1">
              <value>
                <![CDATA[new pass1]]>
              </value>
            </param>
            <param index="2">
              <value>
                <![CDATA[baduser@gmail.com]]>
              </value>
            </param>
          </params>
          <reporter-output>
          </reporter-output>
        </test-method> <!-- validateCreateNewUser_failed_dup_username -->
        <test-method status="PASS" signature="tearDown()[pri:0, instance:com.qainterview.testcases.NewUserPageTest@ae45eb6]" name="tearDown" is-config="true" duration-ms="647" started-at="2020-01-06T19:35:23Z" finished-at="2020-01-06T19:35:23Z">
          <reporter-output>
          </reporter-output>
        </test-method> <!-- tearDown -->
        <test-method status="PASS" signature="setUp()[pri:0, instance:com.qainterview.testcases.NewUserPageTest@ae45eb6]" name="setUp" is-config="true" duration-ms="2884" started-at="2020-01-06T19:35:23Z" finished-at="2020-01-06T19:35:26Z">
          <reporter-output>
          </reporter-output>
        </test-method> <!-- setUp -->
        <test-method status="PASS" signature="validateCreateNewUser_failed_dup_email(java.lang.String, java.lang.String, java.lang.String)[pri:4, instance:com.qainterview.testcases.NewUserPageTest@ae45eb6]" name="validateCreateNewUser_failed_dup_email" duration-ms="338" started-at="2020-01-06T19:35:26Z" data-provider="getDupEmailTestData" finished-at="2020-01-06T19:35:27Z">
          <params>
            <param index="0">
              <value>
                <![CDATA[Rick]]>
              </value>
            </param>
            <param index="1">
              <value>
                <![CDATA[new pass]]>
              </value>
            </param>
            <param index="2">
              <value>
                <![CDATA[user@gmail.com]]>
              </value>
            </param>
          </params>
          <reporter-output>
          </reporter-output>
        </test-method> <!-- validateCreateNewUser_failed_dup_email -->
        <test-method status="PASS" signature="tearDown()[pri:0, instance:com.qainterview.testcases.NewUserPageTest@ae45eb6]" name="tearDown" is-config="true" duration-ms="573" started-at="2020-01-06T19:35:27Z" finished-at="2020-01-06T19:35:27Z">
          <reporter-output>
          </reporter-output>
        </test-method> <!-- tearDown -->
      </class> <!-- com.qainterview.testcases.NewUserPageTest -->
      <class name="com.qainterview.testcases.UsersPageTest">
        <test-method status="PASS" signature="setUp()[pri:0, instance:com.qainterview.testcases.UsersPageTest@68c4039c]" name="setUp" is-config="true" duration-ms="3838" started-at="2020-01-06T19:34:59Z" finished-at="2020-01-06T19:35:03Z">
          <reporter-output>
          </reporter-output>
        </test-method> <!-- setUp -->
        <test-method status="PASS" signature="verifyUserFilter(java.lang.String, java.lang.String, java.lang.String, java.lang.String, java.lang.String, java.lang.String)[pri:1, instance:com.qainterview.testcases.UsersPageTest@68c4039c]" name="verifyUserFilter" duration-ms="759" started-at="2020-01-06T19:35:03Z" data-provider="getFiltersTestData" finished-at="2020-01-06T19:35:04Z">
          <params>
            <param index="0">
              <value>
                <![CDATA[xyz]]>
              </value>
            </param>
            <param index="1">
              <value>
                <![CDATA[equals]]>
              </value>
            </param>
            <param index="2">
              <value>
                <![CDATA[test@test.com]]>
              </value>
            </param>
            <param index="3">
              <value>
                <![CDATA[contains]]>
              </value>
            </param>
            <param index="4">
              <value>
                <![CDATA[2019-12-01]]>
              </value>
            </param>
            <param index="5">
              <value>
                <![CDATA[2019-12-30]]>
              </value>
            </param>
          </params>
          <reporter-output>
          </reporter-output>
        </test-method> <!-- verifyUserFilter -->
        <test-method status="PASS" signature="tearDown()[pri:0, instance:com.qainterview.testcases.UsersPageTest@68c4039c]" name="tearDown" is-config="true" duration-ms="624" started-at="2020-01-06T19:35:04Z" finished-at="2020-01-06T19:35:04Z">
          <reporter-output>
          </reporter-output>
        </test-method> <!-- tearDown -->
      </class> <!-- com.qainterview.testcases.UsersPageTest -->
    </test> <!-- QA Interview Test Cases -->
  </suite> <!-- QA interview Test Automation Test Suite -->
</testng-results>
