<?xml version="1.0" encoding="UTF-8"?>
<!-- Generated by org.testng.reporters.JUnitXMLReporter -->
<testsuite hostname="jimmy-PC" ignored="0" name="Command line test" tests="9" failures="0" timestamp="07 Jan 2020 03:32:34 GMT" time="58.239" errors="0">
  <testcase name="qainterviewTitleTest" time="20.109" classname="com.qainterview.testcases.QaInterviewTest"/>
  <testcase name="verifyHomePageTitleTest" time="0.016" classname="com.qainterview.testcases.HomePageTest"/>
  <testcase name="verifyUserFilter" time="0.778" classname="com.qainterview.testcases.UsersPageTest"/>
  <testcase name="validateCreateNewUser_success" time="0.747" classname="com.qainterview.testcases.NewUserPageTest"/>
  <testcase name="verifyUsersLinkTest" time="0.243" classname="com.qainterview.testcases.HomePageTest"/>
  <testcase name="validateCreateNewUser_failed_no_password" time="0.327" classname="com.qainterview.testcases.NewUserPageTest"/>
  <testcase name="verifyNewUserPageLabel" time="0.012" classname="com.qainterview.testcases.NewUserPageTest"/>
  <testcase name="validateCreateNewUser_failed_dup_username" time="0.371" classname="com.qainterview.testcases.NewUserPageTest"/>
  <testcase name="validateCreateNewUser_failed_dup_email" time="0.323" classname="com.qainterview.testcases.NewUserPageTest"/>
</testsuite> <!-- Command line test -->
