<?xml version="1.0" encoding="UTF-8"?>
<!-- Generated by org.testng.reporters.JUnitXMLReporter -->
<testsuite hostname="jimmy-PC" ignored="0" name="QA Interview Test Cases" tests="8" failures="0" timestamp="07 Jan 2020 03:35:27 GMT" time="35.089" errors="0">
  <testcase name="verifyHomePageTitleTest" time="0.021" classname="com.qainterview.testcases.HomePageTest"/>
  <testcase name="verifyUserFilter" time="0.759" classname="com.qainterview.testcases.UsersPageTest"/>
  <testcase name="validateCreateNewUser_success" time="0.312" classname="com.qainterview.testcases.NewUserPageTest"/>
  <testcase name="verifyUsersLinkTest" time="0.289" classname="com.qainterview.testcases.HomePageTest"/>
  <testcase name="validateCreateNewUser_failed_no_password" time="0.356" classname="com.qainterview.testcases.NewUserPageTest"/>
  <testcase name="verifyNewUserPageLabel" time="0.008" classname="com.qainterview.testcases.NewUserPageTest"/>
  <testcase name="validateCreateNewUser_failed_dup_username" time="0.428" classname="com.qainterview.testcases.NewUserPageTest"/>
  <testcase name="validateCreateNewUser_failed_dup_email" time="0.338" classname="com.qainterview.testcases.NewUserPageTest"/>
</testsuite> <!-- QA Interview Test Cases -->
