<?xml version="1.0" encoding="UTF-8"?>
<testng-results skipped="0" failed="0" ignored="0" total="9" passed="9">
  <reporter-output>
  </reporter-output>
  <suite name="Command line suite" duration-ms="60789" started-at="2020-01-03T13:31:13Z" finished-at="2020-01-03T13:32:14Z">
    <groups>
    </groups>
    <test name="Command line test" duration-ms="60789" started-at="2020-01-03T13:31:13Z" finished-at="2020-01-03T13:32:14Z">
      <class name="com.qainterview.testcases.QaInterviewTest">
        <test-method status="PASS" signature="setUp()[pri:0, instance:com.qainterview.testcases.QaInterviewTest@2ed94a8b]" name="setUp" is-config="true" duration-ms="5053" started-at="2020-01-03T08:31:13Z" finished-at="2020-01-03T08:31:18Z">
          <reporter-output>
          </reporter-output>
        </test-method> <!-- setUp -->
        <test-method status="PASS" signature="qainterviewTitleTest()[pri:0, instance:com.qainterview.testcases.QaInterviewTest@2ed94a8b]" name="qainterviewTitleTest" duration-ms="20148" started-at="2020-01-03T08:31:18Z" finished-at="2020-01-03T08:31:38Z">
          <reporter-output>
          </reporter-output>
        </test-method> <!-- qainterviewTitleTest -->
        <test-method status="PASS" signature="tearDown()[pri:0, instance:com.qainterview.testcases.QaInterviewTest@2ed94a8b]" name="tearDown" is-config="true" duration-ms="101" started-at="2020-01-03T08:31:38Z" finished-at="2020-01-03T08:31:38Z">
          <reporter-output>
          </reporter-output>
        </test-method> <!-- tearDown -->
      </class> <!-- com.qainterview.testcases.QaInterviewTest -->
      <class name="com.qainterview.testcases.HomePageTest">
        <test-method status="PASS" signature="setUp()[pri:0, instance:com.qainterview.testcases.HomePageTest@73f792cf]" name="setUp" is-config="true" duration-ms="3486" started-at="2020-01-03T08:31:49Z" finished-at="2020-01-03T08:31:53Z">
          <reporter-output>
          </reporter-output>
        </test-method> <!-- setUp -->
        <test-method status="PASS" signature="verifyHomePageTitleTest()[pri:1, instance:com.qainterview.testcases.HomePageTest@73f792cf]" name="verifyHomePageTitleTest" duration-ms="5" started-at="2020-01-03T08:31:53Z" finished-at="2020-01-03T08:31:53Z">
          <reporter-output>
          </reporter-output>
        </test-method> <!-- verifyHomePageTitleTest -->
        <test-method status="PASS" signature="tearDown()[pri:0, instance:com.qainterview.testcases.HomePageTest@73f792cf]" name="tearDown" is-config="true" duration-ms="81" started-at="2020-01-03T08:31:53Z" finished-at="2020-01-03T08:31:53Z">
          <reporter-output>
          </reporter-output>
        </test-method> <!-- tearDown -->
        <test-method status="PASS" signature="setUp()[pri:0, instance:com.qainterview.testcases.HomePageTest@73f792cf]" name="setUp" is-config="true" duration-ms="3011" started-at="2020-01-03T08:32:02Z" finished-at="2020-01-03T08:32:05Z">
          <reporter-output>
          </reporter-output>
        </test-method> <!-- setUp -->
        <test-method status="PASS" signature="verifyUsersLinkTest()[pri:2, instance:com.qainterview.testcases.HomePageTest@73f792cf]" name="verifyUsersLinkTest" duration-ms="453" started-at="2020-01-03T08:32:05Z" finished-at="2020-01-03T08:32:06Z">
          <reporter-output>
          </reporter-output>
        </test-method> <!-- verifyUsersLinkTest -->
        <test-method status="PASS" signature="tearDown()[pri:0, instance:com.qainterview.testcases.HomePageTest@73f792cf]" name="tearDown" is-config="true" duration-ms="88" started-at="2020-01-03T08:32:06Z" finished-at="2020-01-03T08:32:06Z">
          <reporter-output>
          </reporter-output>
        </test-method> <!-- tearDown -->
      </class> <!-- com.qainterview.testcases.HomePageTest -->
      <class name="com.qainterview.testcases.UsersPageTest">
        <test-method status="PASS" signature="setUp()[pri:0, instance:com.qainterview.testcases.UsersPageTest@38082d64]" name="setUp" is-config="true" duration-ms="3701" started-at="2020-01-03T08:31:45Z" finished-at="2020-01-03T08:31:48Z">
          <reporter-output>
          </reporter-output>
        </test-method> <!-- setUp -->
        <test-method status="PASS" signature="verifyUserFilter(java.lang.String, java.lang.String, java.lang.String, java.lang.String, java.lang.String, java.lang.String)[pri:1, instance:com.qainterview.testcases.UsersPageTest@38082d64]" name="verifyUserFilter" duration-ms="1025" started-at="2020-01-03T08:31:48Z" data-provider="getFiltersTestData" finished-at="2020-01-03T08:31:49Z">
          <params>
            <param index="0">
              <value>
                <![CDATA[xyz]]>
              </value>
            </param>
            <param index="1">
              <value>
                <![CDATA[equals]]>
              </value>
            </param>
            <param index="2">
              <value>
                <![CDATA[test@test.com]]>
              </value>
            </param>
            <param index="3">
              <value>
                <![CDATA[contains]]>
              </value>
            </param>
            <param index="4">
              <value>
                <![CDATA[2019-12-01]]>
              </value>
            </param>
            <param index="5">
              <value>
                <![CDATA[2019-12-30]]>
              </value>
            </param>
          </params>
          <reporter-output>
          </reporter-output>
        </test-method> <!-- verifyUserFilter -->
        <test-method status="PASS" signature="tearDown()[pri:0, instance:com.qainterview.testcases.UsersPageTest@38082d64]" name="tearDown" is-config="true" duration-ms="79" started-at="2020-01-03T08:31:49Z" finished-at="2020-01-03T08:31:49Z">
          <reporter-output>
          </reporter-output>
        </test-method> <!-- tearDown -->
      </class> <!-- com.qainterview.testcases.UsersPageTest -->
      <class name="com.qainterview.testcases.NewUserPageTest">
        <test-method status="PASS" signature="setUp()[pri:0, instance:com.qainterview.testcases.NewUserPageTest@79698539]" name="setUp" is-config="true" duration-ms="4760" started-at="2020-01-03T08:31:39Z" finished-at="2020-01-03T08:31:44Z">
          <reporter-output>
          </reporter-output>
        </test-method> <!-- setUp -->
        <test-method status="PASS" signature="validateCreateNewUser_success(java.lang.String, java.lang.String, java.lang.String)[pri:1, instance:com.qainterview.testcases.NewUserPageTest@79698539]" name="validateCreateNewUser_success" duration-ms="843" started-at="2020-01-03T08:31:44Z" data-provider="getSuccessUserTestData" finished-at="2020-01-03T08:31:44Z">
          <params>
            <param index="0">
              <value>
                <![CDATA[Tom1]]>
              </value>
            </param>
            <param index="1">
              <value>
                <![CDATA[new pass]]>
              </value>
            </param>
            <param index="2">
              <value>
                <![CDATA[tom@gmail.com]]>
              </value>
            </param>
          </params>
          <reporter-output>
          </reporter-output>
        </test-method> <!-- validateCreateNewUser_success -->
        <test-method status="PASS" signature="tearDown()[pri:0, instance:com.qainterview.testcases.NewUserPageTest@79698539]" name="tearDown" is-config="true" duration-ms="79" started-at="2020-01-03T08:31:44Z" finished-at="2020-01-03T08:31:45Z">
          <reporter-output>
          </reporter-output>
        </test-method> <!-- tearDown -->
        <test-method status="PASS" signature="setUp()[pri:0, instance:com.qainterview.testcases.NewUserPageTest@79698539]" name="setUp" is-config="true" duration-ms="4164" started-at="2020-01-03T08:31:53Z" finished-at="2020-01-03T08:31:57Z">
          <reporter-output>
          </reporter-output>
        </test-method> <!-- setUp -->
        <test-method status="PASS" signature="validateCreateNewUser_failed_no_password()[pri:2, instance:com.qainterview.testcases.NewUserPageTest@79698539]" name="validateCreateNewUser_failed_no_password" duration-ms="412" started-at="2020-01-03T08:31:57Z" finished-at="2020-01-03T08:31:58Z">
          <reporter-output>
          </reporter-output>
        </test-method> <!-- validateCreateNewUser_failed_no_password -->
        <test-method status="PASS" signature="tearDown()[pri:0, instance:com.qainterview.testcases.NewUserPageTest@79698539]" name="tearDown" is-config="true" duration-ms="78" started-at="2020-01-03T08:31:58Z" finished-at="2020-01-03T08:31:58Z">
          <reporter-output>
          </reporter-output>
        </test-method> <!-- tearDown -->
        <test-method status="PASS" signature="setUp()[pri:0, instance:com.qainterview.testcases.NewUserPageTest@79698539]" name="setUp" is-config="true" duration-ms="4517" started-at="2020-01-03T08:31:58Z" finished-at="2020-01-03T08:32:02Z">
          <reporter-output>
          </reporter-output>
        </test-method> <!-- setUp -->
        <test-method status="PASS" signature="verifyNewUserPageLabel()[pri:2, instance:com.qainterview.testcases.NewUserPageTest@79698539]" name="verifyNewUserPageLabel" duration-ms="4" started-at="2020-01-03T08:32:02Z" finished-at="2020-01-03T08:32:02Z">
          <reporter-output>
          </reporter-output>
        </test-method> <!-- verifyNewUserPageLabel -->
        <test-method status="PASS" signature="tearDown()[pri:0, instance:com.qainterview.testcases.NewUserPageTest@79698539]" name="tearDown" is-config="true" duration-ms="82" started-at="2020-01-03T08:32:02Z" finished-at="2020-01-03T08:32:02Z">
          <reporter-output>
          </reporter-output>
        </test-method> <!-- tearDown -->
        <test-method status="PASS" signature="setUp()[pri:0, instance:com.qainterview.testcases.NewUserPageTest@79698539]" name="setUp" is-config="true" duration-ms="3632" started-at="2020-01-03T08:32:06Z" finished-at="2020-01-03T08:32:09Z">
          <reporter-output>
          </reporter-output>
        </test-method> <!-- setUp -->
        <test-method status="PASS" signature="validateCreateNewUser_failed_dup_username(java.lang.String, java.lang.String, java.lang.String)[pri:3, instance:com.qainterview.testcases.NewUserPageTest@79698539]" name="validateCreateNewUser_failed_dup_username" duration-ms="457" started-at="2020-01-03T08:32:09Z" data-provider="getDupUserTestData" finished-at="2020-01-03T08:32:10Z">
          <params>
            <param index="0">
              <value>
                <![CDATA[user_username]]>
              </value>
            </param>
            <param index="1">
              <value>
                <![CDATA[new pass1]]>
              </value>
            </param>
            <param index="2">
              <value>
                <![CDATA[baduser@gmail.com]]>
              </value>
            </param>
          </params>
          <reporter-output>
          </reporter-output>
        </test-method> <!-- validateCreateNewUser_failed_dup_username -->
        <test-method status="PASS" signature="tearDown()[pri:0, instance:com.qainterview.testcases.NewUserPageTest@79698539]" name="tearDown" is-config="true" duration-ms="82" started-at="2020-01-03T08:32:10Z" finished-at="2020-01-03T08:32:10Z">
          <reporter-output>
          </reporter-output>
        </test-method> <!-- tearDown -->
        <test-method status="PASS" signature="setUp()[pri:0, instance:com.qainterview.testcases.NewUserPageTest@79698539]" name="setUp" is-config="true" duration-ms="3197" started-at="2020-01-03T08:32:10Z" finished-at="2020-01-03T08:32:13Z">
          <reporter-output>
          </reporter-output>
        </test-method> <!-- setUp -->
        <test-method status="PASS" signature="validateCreateNewUser_failed_dup_email(java.lang.String, java.lang.String, java.lang.String)[pri:4, instance:com.qainterview.testcases.NewUserPageTest@79698539]" name="validateCreateNewUser_failed_dup_email" duration-ms="453" started-at="2020-01-03T08:32:13Z" data-provider="getDupEmailTestData" finished-at="2020-01-03T08:32:14Z">
          <params>
            <param index="0">
              <value>
                <![CDATA[Rick]]>
              </value>
            </param>
            <param index="1">
              <value>
                <![CDATA[new pass]]>
              </value>
            </param>
            <param index="2">
              <value>
                <![CDATA[user@gmail.com]]>
              </value>
            </param>
          </params>
          <reporter-output>
          </reporter-output>
        </test-method> <!-- validateCreateNewUser_failed_dup_email -->
        <test-method status="PASS" signature="tearDown()[pri:0, instance:com.qainterview.testcases.NewUserPageTest@79698539]" name="tearDown" is-config="true" duration-ms="82" started-at="2020-01-03T08:32:14Z" finished-at="2020-01-03T08:32:14Z">
          <reporter-output>
          </reporter-output>
        </test-method> <!-- tearDown -->
      </class> <!-- com.qainterview.testcases.NewUserPageTest -->
    </test> <!-- Command line test -->
  </suite> <!-- Command line suite -->
</testng-results>
