<?xml version="1.0" encoding="UTF-8" ?>
<testsuite tests="9" failures="0" name="TestSuite" time="22.914" errors="0" skipped="0">
  <properties>
[...]
</properties>
  <testcase classname="com.qainterview.testcases.QaInterviewTest" name="qainterviewTitleTest" time="20.111"/>
  <testcase classname="com.qainterview.testcases.HomePageTest" name="verifyHomePageTitleTest" time="0.012"/>
  <testcase classname="com.qainterview.testcases.UsersPageTest" name="verifyUserFilter" time="0.772"/>
  <testcase classname="com.qainterview.testcases.NewUserPageTest" name="validateCreateNewUser_success" time="0.746"/>
  <testcase classname="com.qainterview.testcases.HomePageTest" name="verifyUsersLinkTest" time="0.243"/>
  <testcase classname="com.qainterview.testcases.NewUserPageTest" name="validateCreateNewUser_failed_no_password" time="0.326"/>
  <testcase classname="com.qainterview.testcases.NewUserPageTest" name="verifyNewUserPageLabel" time="0.011"/>
  <testcase classname="com.qainterview.testcases.NewUserPageTest" name="validateCreateNewUser_failed_dup_username" time="0.37"/>
  <testcase classname="com.qainterview.testcases.NewUserPageTest" name="validateCreateNewUser_failed_dup_email" time="0.323"/>
</testsuite>