<?xml version="1.0" encoding="UTF-8"?>
<!-- Generated by org.testng.reporters.JUnitXMLReporter -->
<testsuite hostname="atl-tsun2.local" ignored="0" name="Command line test" tests="9" failures="0" timestamp="03 Jan 2020 13:32:14 GMT" time="60.789" errors="0">
  <testcase name="qainterviewTitleTest" time="20.148" classname="com.qainterview.testcases.QaInterviewTest"/>
  <testcase name="validateCreateNewUser_success" time="0.843" classname="com.qainterview.testcases.NewUserPageTest"/>
  <testcase name="verifyUserFilter" time="1.025" classname="com.qainterview.testcases.UsersPageTest"/>
  <testcase name="verifyHomePageTitleTest" time="0.005" classname="com.qainterview.testcases.HomePageTest"/>
  <testcase name="validateCreateNewUser_failed_no_password" time="0.412" classname="com.qainterview.testcases.NewUserPageTest"/>
  <testcase name="verifyNewUserPageLabel" time="0.004" classname="com.qainterview.testcases.NewUserPageTest"/>
  <testcase name="verifyUsersLinkTest" time="0.453" classname="com.qainterview.testcases.HomePageTest"/>
  <testcase name="validateCreateNewUser_failed_dup_username" time="0.457" classname="com.qainterview.testcases.NewUserPageTest"/>
  <testcase name="validateCreateNewUser_failed_dup_email" time="0.453" classname="com.qainterview.testcases.NewUserPageTest"/>
</testsuite> <!-- Command line test -->
